<?xml version="1.0" encoding="UTF-8"?>
<testsuite xmlns:xsi="http://www.w3.org/2001/XMLSchema-instance" xsi:noNamespaceSchemaLocation="https://maven.apache.org/surefire/maven-surefire-plugin/xsd/surefire-test-report-3.0.xsd" version="3.0" name="com.itheima.TliasWebManagementApplicationTests" time="4.468" tests="1" errors="0" skipped="0" failures="0">
  <properties>
    <property name="java.specification.version" value="21"/>
    <property name="sun.cpu.isalist" value="amd64"/>
    <property name="sun.jnu.encoding" value="GBK"/>
    <property name="java.class.path" value="D:\Desktop\Program\Java\tlias-web-management\target\test-classes;D:\Desktop\Program\Java\tlias-web-management\target\classes;D:\Maven\apache-maven-3.9.6\mvn_repo\org\springframework\boot\spring-boot-starter-web\3.2.0\spring-boot-starter-web-3.2.0.jar;D:\Maven\apache-maven-3.9.6\mvn_repo\org\springframework\boot\spring-boot-starter\3.2.0\spring-boot-starter-3.2.0.jar;D:\Maven\apache-maven-3.9.6\mvn_repo\org\springframework\boot\spring-boot\3.2.0\spring-boot-3.2.0.jar;D:\Maven\apache-maven-3.9.6\mvn_repo\org\springframework\boot\spring-boot-autoconfigure\3.2.0\spring-boot-autoconfigure-3.2.0.jar;D:\Maven\apache-maven-3.9.6\mvn_repo\org\springframework\boot\spring-boot-starter-logging\3.2.0\spring-boot-starter-logging-3.2.0.jar;D:\Maven\apache-maven-3.9.6\mvn_repo\ch\qos\logback\logback-classic\1.4.11\logback-classic-1.4.11.jar;D:\Maven\apache-maven-3.9.6\mvn_repo\ch\qos\logback\logback-core\1.4.11\logback-core-1.4.11.jar;D:\Maven\apache-maven-3.9.6\mvn_repo\org\apache\logging\log4j\log4j-to-slf4j\2.21.1\log4j-to-slf4j-2.21.1.jar;D:\Maven\apache-maven-3.9.6\mvn_repo\org\apache\logging\log4j\log4j-api\2.21.1\log4j-api-2.21.1.jar;D:\Maven\apache-maven-3.9.6\mvn_repo\org\slf4j\jul-to-slf4j\2.0.9\jul-to-slf4j-2.0.9.jar;D:\Maven\apache-maven-3.9.6\mvn_repo\jakarta\annotation\jakarta.annotation-api\2.1.1\jakarta.annotation-api-2.1.1.jar;D:\Maven\apache-maven-3.9.6\mvn_repo\org\yaml\snakeyaml\2.2\snakeyaml-2.2.jar;D:\Maven\apache-maven-3.9.6\mvn_repo\org\springframework\boot\spring-boot-starter-json\3.2.0\spring-boot-starter-json-3.2.0.jar;D:\Maven\apache-maven-3.9.6\mvn_repo\com\fasterxml\jackson\datatype\jackson-datatype-jdk8\2.15.3\jackson-datatype-jdk8-2.15.3.jar;D:\Maven\apache-maven-3.9.6\mvn_repo\com\fasterxml\jackson\datatype\jackson-datatype-jsr310\2.15.3\jackson-datatype-jsr310-2.15.3.jar;D:\Maven\apache-maven-3.9.6\mvn_repo\com\fasterxml\jackson\module\jackson-module-parameter-names\2.15.3\jackson-module-parameter-names-2.15.3.jar;D:\Maven\apache-maven-3.9.6\mvn_repo\org\springframework\boot\spring-boot-starter-tomcat\3.2.0\spring-boot-starter-tomcat-3.2.0.jar;D:\Maven\apache-maven-3.9.6\mvn_repo\org\apache\tomcat\embed\tomcat-embed-core\10.1.16\tomcat-embed-core-10.1.16.jar;D:\Maven\apache-maven-3.9.6\mvn_repo\org\apache\tomcat\embed\tomcat-embed-el\10.1.16\tomcat-embed-el-10.1.16.jar;D:\Maven\apache-maven-3.9.6\mvn_repo\org\apache\tomcat\embed\tomcat-embed-websocket\10.1.16\tomcat-embed-websocket-10.1.16.jar;D:\Maven\apache-maven-3.9.6\mvn_repo\org\springframework\spring-web\6.1.1\spring-web-6.1.1.jar;D:\Maven\apache-maven-3.9.6\mvn_repo\org\springframework\spring-beans\6.1.1\spring-beans-6.1.1.jar;D:\Maven\apache-maven-3.9.6\mvn_repo\io\micrometer\micrometer-observation\1.12.0\micrometer-observation-1.12.0.jar;D:\Maven\apache-maven-3.9.6\mvn_repo\io\micrometer\micrometer-commons\1.12.0\micrometer-commons-1.12.0.jar;D:\Maven\apache-maven-3.9.6\mvn_repo\org\springframework\spring-webmvc\6.1.1\spring-webmvc-6.1.1.jar;D:\Maven\apache-maven-3.9.6\mvn_repo\org\springframework\spring-aop\6.1.1\spring-aop-6.1.1.jar;D:\Maven\apache-maven-3.9.6\mvn_repo\org\springframework\spring-context\6.1.1\spring-context-6.1.1.jar;D:\Maven\apache-maven-3.9.6\mvn_repo\org\springframework\spring-expression\6.1.1\spring-expression-6.1.1.jar;D:\Maven\apache-maven-3.9.6\mvn_repo\org\mybatis\spring\boot\mybatis-spring-boot-starter\3.0.3\mybatis-spring-boot-starter-3.0.3.jar;D:\Maven\apache-maven-3.9.6\mvn_repo\org\springframework\boot\spring-boot-starter-jdbc\3.2.0\spring-boot-starter-jdbc-3.2.0.jar;D:\Maven\apache-maven-3.9.6\mvn_repo\com\zaxxer\HikariCP\5.0.1\HikariCP-5.0.1.jar;D:\Maven\apache-maven-3.9.6\mvn_repo\org\springframework\spring-jdbc\6.1.1\spring-jdbc-6.1.1.jar;D:\Maven\apache-maven-3.9.6\mvn_repo\org\springframework\spring-tx\6.1.1\spring-tx-6.1.1.jar;D:\Maven\apache-maven-3.9.6\mvn_repo\org\mybatis\spring\boot\mybatis-spring-boot-autoconfigure\3.0.3\mybatis-spring-boot-autoconfigure-3.0.3.jar;D:\Maven\apache-maven-3.9.6\mvn_repo\org\mybatis\mybatis\3.5.14\mybatis-3.5.14.jar;D:\Maven\apache-maven-3.9.6\mvn_repo\org\mybatis\mybatis-spring\3.0.3\mybatis-spring-3.0.3.jar;D:\Maven\apache-maven-3.9.6\mvn_repo\com\mysql\mysql-connector-j\8.2.0\mysql-connector-j-8.2.0.jar;D:\Maven\apache-maven-3.9.6\mvn_repo\org\projectlombok\lombok\1.18.30\lombok-1.18.30.jar;D:\Maven\apache-maven-3.9.6\mvn_repo\org\springframework\boot\spring-boot-starter-test\3.2.0\spring-boot-starter-test-3.2.0.jar;D:\Maven\apache-maven-3.9.6\mvn_repo\org\springframework\boot\spring-boot-test\3.2.0\spring-boot-test-3.2.0.jar;D:\Maven\apache-maven-3.9.6\mvn_repo\org\springframework\boot\spring-boot-test-autoconfigure\3.2.0\spring-boot-test-autoconfigure-3.2.0.jar;D:\Maven\apache-maven-3.9.6\mvn_repo\com\jayway\jsonpath\json-path\2.8.0\json-path-2.8.0.jar;D:\Maven\apache-maven-3.9.6\mvn_repo\org\slf4j\slf4j-api\2.0.9\slf4j-api-2.0.9.jar;D:\Maven\apache-maven-3.9.6\mvn_repo\jakarta\xml\bind\jakarta.xml.bind-api\4.0.1\jakarta.xml.bind-api-4.0.1.jar;D:\Maven\apache-maven-3.9.6\mvn_repo\jakarta\activation\jakarta.activation-api\2.1.2\jakarta.activation-api-2.1.2.jar;D:\Maven\apache-maven-3.9.6\mvn_repo\net\minidev\json-smart\2.5.0\json-smart-2.5.0.jar;D:\Maven\apache-maven-3.9.6\mvn_repo\net\minidev\accessors-smart\2.5.0\accessors-smart-2.5.0.jar;D:\Maven\apache-maven-3.9.6\mvn_repo\org\ow2\asm\asm\9.3\asm-9.3.jar;D:\Maven\apache-maven-3.9.6\mvn_repo\org\assertj\assertj-core\3.24.2\assertj-core-3.24.2.jar;D:\Maven\apache-maven-3.9.6\mvn_repo\net\bytebuddy\byte-buddy\1.14.10\byte-buddy-1.14.10.jar;D:\Maven\apache-maven-3.9.6\mvn_repo\org\awaitility\awaitility\4.2.0\awaitility-4.2.0.jar;D:\Maven\apache-maven-3.9.6\mvn_repo\org\hamcrest\hamcrest\2.2\hamcrest-2.2.jar;D:\Maven\apache-maven-3.9.6\mvn_repo\org\junit\jupiter\junit-jupiter\5.10.1\junit-jupiter-5.10.1.jar;D:\Maven\apache-maven-3.9.6\mvn_repo\org\junit\jupiter\junit-jupiter-api\5.10.1\junit-jupiter-api-5.10.1.jar;D:\Maven\apache-maven-3.9.6\mvn_repo\org\opentest4j\opentest4j\1.3.0\opentest4j-1.3.0.jar;D:\Maven\apache-maven-3.9.6\mvn_repo\org\junit\platform\junit-platform-commons\1.10.1\junit-platform-commons-1.10.1.jar;D:\Maven\apache-maven-3.9.6\mvn_repo\org\apiguardian\apiguardian-api\1.1.2\apiguardian-api-1.1.2.jar;D:\Maven\apache-maven-3.9.6\mvn_repo\org\junit\jupiter\junit-jupiter-params\5.10.1\junit-jupiter-params-5.10.1.jar;D:\Maven\apache-maven-3.9.6\mvn_repo\org\junit\jupiter\junit-jupiter-engine\5.10.1\junit-jupiter-engine-5.10.1.jar;D:\Maven\apache-maven-3.9.6\mvn_repo\org\junit\platform\junit-platform-engine\1.10.1\junit-platform-engine-1.10.1.jar;D:\Maven\apache-maven-3.9.6\mvn_repo\org\mockito\mockito-core\5.7.0\mockito-core-5.7.0.jar;D:\Maven\apache-maven-3.9.6\mvn_repo\net\bytebuddy\byte-buddy-agent\1.14.10\byte-buddy-agent-1.14.10.jar;D:\Maven\apache-maven-3.9.6\mvn_repo\org\objenesis\objenesis\3.3\objenesis-3.3.jar;D:\Maven\apache-maven-3.9.6\mvn_repo\org\mockito\mockito-junit-jupiter\5.7.0\mockito-junit-jupiter-5.7.0.jar;D:\Maven\apache-maven-3.9.6\mvn_repo\org\skyscreamer\jsonassert\1.5.1\jsonassert-1.5.1.jar;D:\Maven\apache-maven-3.9.6\mvn_repo\com\vaadin\external\google\android-json\0.0.20131108.vaadin1\android-json-0.0.20131108.vaadin1.jar;D:\Maven\apache-maven-3.9.6\mvn_repo\org\springframework\spring-core\6.1.1\spring-core-6.1.1.jar;D:\Maven\apache-maven-3.9.6\mvn_repo\org\springframework\spring-jcl\6.1.1\spring-jcl-6.1.1.jar;D:\Maven\apache-maven-3.9.6\mvn_repo\org\springframework\spring-test\6.1.1\spring-test-6.1.1.jar;D:\Maven\apache-maven-3.9.6\mvn_repo\org\xmlunit\xmlunit-core\2.9.1\xmlunit-core-2.9.1.jar;D:\Maven\apache-maven-3.9.6\mvn_repo\com\github\pagehelper\pagehelper-spring-boot-starter\2.0.0\pagehelper-spring-boot-starter-2.0.0.jar;D:\Maven\apache-maven-3.9.6\mvn_repo\com\github\pagehelper\pagehelper-spring-boot-autoconfigure\2.0.0\pagehelper-spring-boot-autoconfigure-2.0.0.jar;D:\Maven\apache-maven-3.9.6\mvn_repo\com\github\pagehelper\pagehelper\6.0.0\pagehelper-6.0.0.jar;D:\Maven\apache-maven-3.9.6\mvn_repo\com\github\jsqlparser\jsqlparser\4.5\jsqlparser-4.5.jar;D:\Maven\apache-maven-3.9.6\mvn_repo\io\jsonwebtoken\jjwt\0.9.1\jjwt-0.9.1.jar;D:\Maven\apache-maven-3.9.6\mvn_repo\com\fasterxml\jackson\core\jackson-databind\2.15.3\jackson-databind-2.15.3.jar;D:\Maven\apache-maven-3.9.6\mvn_repo\com\fasterxml\jackson\core\jackson-annotations\2.15.3\jackson-annotations-2.15.3.jar;D:\Maven\apache-maven-3.9.6\mvn_repo\com\fasterxml\jackson\core\jackson-core\2.15.3\jackson-core-2.15.3.jar;D:\Maven\apache-maven-3.9.6\mvn_repo\junit\junit\4.13.2\junit-4.13.2.jar;D:\Maven\apache-maven-3.9.6\mvn_repo\org\hamcrest\hamcrest-core\2.2\hamcrest-core-2.2.jar;D:\Maven\apache-maven-3.9.6\mvn_repo\javax\xml\bind\jaxb-api\2.3.0\jaxb-api-2.3.0.jar;D:\Maven\apache-maven-3.9.6\mvn_repo\com\sun\xml\bind\jaxb-impl\2.3.0\jaxb-impl-2.3.0.jar;D:\Maven\apache-maven-3.9.6\mvn_repo\com\sun\xml\bind\jaxb-core\2.3.0\jaxb-core-2.3.0.jar;D:\Maven\apache-maven-3.9.6\mvn_repo\javax\activation\activation\1.1.1\activation-1.1.1.jar;D:\Maven\apache-maven-3.9.6\mvn_repo\com\alibaba\fastjson\2.0.1\fastjson-2.0.1.jar;D:\Maven\apache-maven-3.9.6\mvn_repo\com\alibaba\fastjson2\fastjson2-extension\2.0.1\fastjson2-extension-2.0.1.jar;D:\Maven\apache-maven-3.9.6\mvn_repo\com\alibaba\fastjson2\fastjson2\2.0.1\fastjson2-2.0.1.jar;"/>
    <property name="java.vm.vendor" value="Oracle Corporation"/>
    <property name="sun.arch.data.model" value="64"/>
    <property name="user.variant" value=""/>
    <property name="java.vendor.url" value="https://java.oracle.com/"/>
    <property name="user.timezone" value="Asia/Shanghai"/>
    <property name="os.name" value="Windows 11"/>
    <property name="java.vm.specification.version" value="21"/>
    <property name="sun.java.launcher" value="SUN_STANDARD"/>
    <property name="user.country" value="CN"/>
    <property name="sun.boot.library.path" value="D:\Java\jdk-21\bin"/>
    <property name="sun.java.command" value="C:\Users\Lenovo\AppData\Local\Temp\surefire6654475266694322692\surefirebooter-20231224140658680_3.jar C:\Users\Lenovo\AppData\Local\Temp\surefire6654475266694322692 2023-12-24T14-06-58_564-jvmRun1 surefire-20231224140658680_1tmp surefire_0-20231224140658680_2tmp"/>
    <property name="jdk.debug" value="release"/>
    <property name="surefire.test.class.path" value="D:\Desktop\Program\Java\tlias-web-management\target\test-classes;D:\Desktop\Program\Java\tlias-web-management\target\classes;D:\Maven\apache-maven-3.9.6\mvn_repo\org\springframework\boot\spring-boot-starter-web\3.2.0\spring-boot-starter-web-3.2.0.jar;D:\Maven\apache-maven-3.9.6\mvn_repo\org\springframework\boot\spring-boot-starter\3.2.0\spring-boot-starter-3.2.0.jar;D:\Maven\apache-maven-3.9.6\mvn_repo\org\springframework\boot\spring-boot\3.2.0\spring-boot-3.2.0.jar;D:\Maven\apache-maven-3.9.6\mvn_repo\org\springframework\boot\spring-boot-autoconfigure\3.2.0\spring-boot-autoconfigure-3.2.0.jar;D:\Maven\apache-maven-3.9.6\mvn_repo\org\springframework\boot\spring-boot-starter-logging\3.2.0\spring-boot-starter-logging-3.2.0.jar;D:\Maven\apache-maven-3.9.6\mvn_repo\ch\qos\logback\logback-classic\1.4.11\logback-classic-1.4.11.jar;D:\Maven\apache-maven-3.9.6\mvn_repo\ch\qos\logback\logback-core\1.4.11\logback-core-1.4.11.jar;D:\Maven\apache-maven-3.9.6\mvn_repo\org\apache\logging\log4j\log4j-to-slf4j\2.21.1\log4j-to-slf4j-2.21.1.jar;D:\Maven\apache-maven-3.9.6\mvn_repo\org\apache\logging\log4j\log4j-api\2.21.1\log4j-api-2.21.1.jar;D:\Maven\apache-maven-3.9.6\mvn_repo\org\slf4j\jul-to-slf4j\2.0.9\jul-to-slf4j-2.0.9.jar;D:\Maven\apache-maven-3.9.6\mvn_repo\jakarta\annotation\jakarta.annotation-api\2.1.1\jakarta.annotation-api-2.1.1.jar;D:\Maven\apache-maven-3.9.6\mvn_repo\org\yaml\snakeyaml\2.2\snakeyaml-2.2.jar;D:\Maven\apache-maven-3.9.6\mvn_repo\org\springframework\boot\spring-boot-starter-json\3.2.0\spring-boot-starter-json-3.2.0.jar;D:\Maven\apache-maven-3.9.6\mvn_repo\com\fasterxml\jackson\datatype\jackson-datatype-jdk8\2.15.3\jackson-datatype-jdk8-2.15.3.jar;D:\Maven\apache-maven-3.9.6\mvn_repo\com\fasterxml\jackson\datatype\jackson-datatype-jsr310\2.15.3\jackson-datatype-jsr310-2.15.3.jar;D:\Maven\apache-maven-3.9.6\mvn_repo\com\fasterxml\jackson\module\jackson-module-parameter-names\2.15.3\jackson-module-parameter-names-2.15.3.jar;D:\Maven\apache-maven-3.9.6\mvn_repo\org\springframework\boot\spring-boot-starter-tomcat\3.2.0\spring-boot-starter-tomcat-3.2.0.jar;D:\Maven\apache-maven-3.9.6\mvn_repo\org\apache\tomcat\embed\tomcat-embed-core\10.1.16\tomcat-embed-core-10.1.16.jar;D:\Maven\apache-maven-3.9.6\mvn_repo\org\apache\tomcat\embed\tomcat-embed-el\10.1.16\tomcat-embed-el-10.1.16.jar;D:\Maven\apache-maven-3.9.6\mvn_repo\org\apache\tomcat\embed\tomcat-embed-websocket\10.1.16\tomcat-embed-websocket-10.1.16.jar;D:\Maven\apache-maven-3.9.6\mvn_repo\org\springframework\spring-web\6.1.1\spring-web-6.1.1.jar;D:\Maven\apache-maven-3.9.6\mvn_repo\org\springframework\spring-beans\6.1.1\spring-beans-6.1.1.jar;D:\Maven\apache-maven-3.9.6\mvn_repo\io\micrometer\micrometer-observation\1.12.0\micrometer-observation-1.12.0.jar;D:\Maven\apache-maven-3.9.6\mvn_repo\io\micrometer\micrometer-commons\1.12.0\micrometer-commons-1.12.0.jar;D:\Maven\apache-maven-3.9.6\mvn_repo\org\springframework\spring-webmvc\6.1.1\spring-webmvc-6.1.1.jar;D:\Maven\apache-maven-3.9.6\mvn_repo\org\springframework\spring-aop\6.1.1\spring-aop-6.1.1.jar;D:\Maven\apache-maven-3.9.6\mvn_repo\org\springframework\spring-context\6.1.1\spring-context-6.1.1.jar;D:\Maven\apache-maven-3.9.6\mvn_repo\org\springframework\spring-expression\6.1.1\spring-expression-6.1.1.jar;D:\Maven\apache-maven-3.9.6\mvn_repo\org\mybatis\spring\boot\mybatis-spring-boot-starter\3.0.3\mybatis-spring-boot-starter-3.0.3.jar;D:\Maven\apache-maven-3.9.6\mvn_repo\org\springframework\boot\spring-boot-starter-jdbc\3.2.0\spring-boot-starter-jdbc-3.2.0.jar;D:\Maven\apache-maven-3.9.6\mvn_repo\com\zaxxer\HikariCP\5.0.1\HikariCP-5.0.1.jar;D:\Maven\apache-maven-3.9.6\mvn_repo\org\springframework\spring-jdbc\6.1.1\spring-jdbc-6.1.1.jar;D:\Maven\apache-maven-3.9.6\mvn_repo\org\springframework\spring-tx\6.1.1\spring-tx-6.1.1.jar;D:\Maven\apache-maven-3.9.6\mvn_repo\org\mybatis\spring\boot\mybatis-spring-boot-autoconfigure\3.0.3\mybatis-spring-boot-autoconfigure-3.0.3.jar;D:\Maven\apache-maven-3.9.6\mvn_repo\org\mybatis\mybatis\3.5.14\mybatis-3.5.14.jar;D:\Maven\apache-maven-3.9.6\mvn_repo\org\mybatis\mybatis-spring\3.0.3\mybatis-spring-3.0.3.jar;D:\Maven\apache-maven-3.9.6\mvn_repo\com\mysql\mysql-connector-j\8.2.0\mysql-connector-j-8.2.0.jar;D:\Maven\apache-maven-3.9.6\mvn_repo\org\projectlombok\lombok\1.18.30\lombok-1.18.30.jar;D:\Maven\apache-maven-3.9.6\mvn_repo\org\springframework\boot\spring-boot-starter-test\3.2.0\spring-boot-starter-test-3.2.0.jar;D:\Maven\apache-maven-3.9.6\mvn_repo\org\springframework\boot\spring-boot-test\3.2.0\spring-boot-test-3.2.0.jar;D:\Maven\apache-maven-3.9.6\mvn_repo\org\springframework\boot\spring-boot-test-autoconfigure\3.2.0\spring-boot-test-autoconfigure-3.2.0.jar;D:\Maven\apache-maven-3.9.6\mvn_repo\com\jayway\jsonpath\json-path\2.8.0\json-path-2.8.0.jar;D:\Maven\apache-maven-3.9.6\mvn_repo\org\slf4j\slf4j-api\2.0.9\slf4j-api-2.0.9.jar;D:\Maven\apache-maven-3.9.6\mvn_repo\jakarta\xml\bind\jakarta.xml.bind-api\4.0.1\jakarta.xml.bind-api-4.0.1.jar;D:\Maven\apache-maven-3.9.6\mvn_repo\jakarta\activation\jakarta.activation-api\2.1.2\jakarta.activation-api-2.1.2.jar;D:\Maven\apache-maven-3.9.6\mvn_repo\net\minidev\json-smart\2.5.0\json-smart-2.5.0.jar;D:\Maven\apache-maven-3.9.6\mvn_repo\net\minidev\accessors-smart\2.5.0\accessors-smart-2.5.0.jar;D:\Maven\apache-maven-3.9.6\mvn_repo\org\ow2\asm\asm\9.3\asm-9.3.jar;D:\Maven\apache-maven-3.9.6\mvn_repo\org\assertj\assertj-core\3.24.2\assertj-core-3.24.2.jar;D:\Maven\apache-maven-3.9.6\mvn_repo\net\bytebuddy\byte-buddy\1.14.10\byte-buddy-1.14.10.jar;D:\Maven\apache-maven-3.9.6\mvn_repo\org\awaitility\awaitility\4.2.0\awaitility-4.2.0.jar;D:\Maven\apache-maven-3.9.6\mvn_repo\org\hamcrest\hamcrest\2.2\hamcrest-2.2.jar;D:\Maven\apache-maven-3.9.6\mvn_repo\org\junit\jupiter\junit-jupiter\5.10.1\junit-jupiter-5.10.1.jar;D:\Maven\apache-maven-3.9.6\mvn_repo\org\junit\jupiter\junit-jupiter-api\5.10.1\junit-jupiter-api-5.10.1.jar;D:\Maven\apache-maven-3.9.6\mvn_repo\org\opentest4j\opentest4j\1.3.0\opentest4j-1.3.0.jar;D:\Maven\apache-maven-3.9.6\mvn_repo\org\junit\platform\junit-platform-commons\1.10.1\junit-platform-commons-1.10.1.jar;D:\Maven\apache-maven-3.9.6\mvn_repo\org\apiguardian\apiguardian-api\1.1.2\apiguardian-api-1.1.2.jar;D:\Maven\apache-maven-3.9.6\mvn_repo\org\junit\jupiter\junit-jupiter-params\5.10.1\junit-jupiter-params-5.10.1.jar;D:\Maven\apache-maven-3.9.6\mvn_repo\org\junit\jupiter\junit-jupiter-engine\5.10.1\junit-jupiter-engine-5.10.1.jar;D:\Maven\apache-maven-3.9.6\mvn_repo\org\junit\platform\junit-platform-engine\1.10.1\junit-platform-engine-1.10.1.jar;D:\Maven\apache-maven-3.9.6\mvn_repo\org\mockito\mockito-core\5.7.0\mockito-core-5.7.0.jar;D:\Maven\apache-maven-3.9.6\mvn_repo\net\bytebuddy\byte-buddy-agent\1.14.10\byte-buddy-agent-1.14.10.jar;D:\Maven\apache-maven-3.9.6\mvn_repo\org\objenesis\objenesis\3.3\objenesis-3.3.jar;D:\Maven\apache-maven-3.9.6\mvn_repo\org\mockito\mockito-junit-jupiter\5.7.0\mockito-junit-jupiter-5.7.0.jar;D:\Maven\apache-maven-3.9.6\mvn_repo\org\skyscreamer\jsonassert\1.5.1\jsonassert-1.5.1.jar;D:\Maven\apache-maven-3.9.6\mvn_repo\com\vaadin\external\google\android-json\0.0.20131108.vaadin1\android-json-0.0.20131108.vaadin1.jar;D:\Maven\apache-maven-3.9.6\mvn_repo\org\springframework\spring-core\6.1.1\spring-core-6.1.1.jar;D:\Maven\apache-maven-3.9.6\mvn_repo\org\springframework\spring-jcl\6.1.1\spring-jcl-6.1.1.jar;D:\Maven\apache-maven-3.9.6\mvn_repo\org\springframework\spring-test\6.1.1\spring-test-6.1.1.jar;D:\Maven\apache-maven-3.9.6\mvn_repo\org\xmlunit\xmlunit-core\2.9.1\xmlunit-core-2.9.1.jar;D:\Maven\apache-maven-3.9.6\mvn_repo\com\github\pagehelper\pagehelper-spring-boot-starter\2.0.0\pagehelper-spring-boot-starter-2.0.0.jar;D:\Maven\apache-maven-3.9.6\mvn_repo\com\github\pagehelper\pagehelper-spring-boot-autoconfigure\2.0.0\pagehelper-spring-boot-autoconfigure-2.0.0.jar;D:\Maven\apache-maven-3.9.6\mvn_repo\com\github\pagehelper\pagehelper\6.0.0\pagehelper-6.0.0.jar;D:\Maven\apache-maven-3.9.6\mvn_repo\com\github\jsqlparser\jsqlparser\4.5\jsqlparser-4.5.jar;D:\Maven\apache-maven-3.9.6\mvn_repo\io\jsonwebtoken\jjwt\0.9.1\jjwt-0.9.1.jar;D:\Maven\apache-maven-3.9.6\mvn_repo\com\fasterxml\jackson\core\jackson-databind\2.15.3\jackson-databind-2.15.3.jar;D:\Maven\apache-maven-3.9.6\mvn_repo\com\fasterxml\jackson\core\jackson-annotations\2.15.3\jackson-annotations-2.15.3.jar;D:\Maven\apache-maven-3.9.6\mvn_repo\com\fasterxml\jackson\core\jackson-core\2.15.3\jackson-core-2.15.3.jar;D:\Maven\apache-maven-3.9.6\mvn_repo\junit\junit\4.13.2\junit-4.13.2.jar;D:\Maven\apache-maven-3.9.6\mvn_repo\org\hamcrest\hamcrest-core\2.2\hamcrest-core-2.2.jar;D:\Maven\apache-maven-3.9.6\mvn_repo\javax\xml\bind\jaxb-api\2.3.0\jaxb-api-2.3.0.jar;D:\Maven\apache-maven-3.9.6\mvn_repo\com\sun\xml\bind\jaxb-impl\2.3.0\jaxb-impl-2.3.0.jar;D:\Maven\apache-maven-3.9.6\mvn_repo\com\sun\xml\bind\jaxb-core\2.3.0\jaxb-core-2.3.0.jar;D:\Maven\apache-maven-3.9.6\mvn_repo\javax\activation\activation\1.1.1\activation-1.1.1.jar;D:\Maven\apache-maven-3.9.6\mvn_repo\com\alibaba\fastjson\2.0.1\fastjson-2.0.1.jar;D:\Maven\apache-maven-3.9.6\mvn_repo\com\alibaba\fastjson2\fastjson2-extension\2.0.1\fastjson2-extension-2.0.1.jar;D:\Maven\apache-maven-3.9.6\mvn_repo\com\alibaba\fastjson2\fastjson2\2.0.1\fastjson2-2.0.1.jar;"/>
    <property name="sun.cpu.endian" value="little"/>
    <property name="user.home" value="C:\Users\Lenovo"/>
    <property name="user.language" value="zh"/>
    <property name="java.specification.vendor" value="Oracle Corporation"/>
    <property name="java.version.date" value="2023-09-19"/>
    <property name="java.home" value="D:\Java\jdk-21"/>
    <property name="file.separator" value="\"/>
    <property name="basedir" value="D:\Desktop\Program\Java\tlias-web-management"/>
    <property name="java.vm.compressedOopsMode" value="32-bit"/>
    <property name="line.separator" value="&#10;"/>
    <property name="java.vm.specification.vendor" value="Oracle Corporation"/>
    <property name="java.specification.name" value="Java Platform API Specification"/>
    <property name="FILE_LOG_CHARSET" value="UTF-8"/>
    <property name="java.awt.headless" value="true"/>
    <property name="surefire.real.class.path" value="C:\Users\Lenovo\AppData\Local\Temp\surefire6654475266694322692\surefirebooter-20231224140658680_3.jar"/>
    <property name="user.script" value=""/>
    <property name="sun.management.compiler" value="HotSpot 64-Bit Tiered Compilers"/>
    <property name="java.runtime.version" value="21+35-LTS-2513"/>
    <property name="user.name" value="Lenovo"/>
    <property name="stdout.encoding" value="GBK"/>
    <property name="path.separator" value=";"/>
    <property name="os.version" value="10.0"/>
    <property name="java.runtime.name" value="Java(TM) SE Runtime Environment"/>
    <property name="file.encoding" value="UTF-8"/>
    <property name="java.vm.name" value="Java HotSpot(TM) 64-Bit Server VM"/>
    <property name="localRepository" value="D:\Maven\apache-maven-3.9.6\mvn_repo"/>
    <property name="java.vendor.url.bug" value="https://bugreport.java.com/bugreport/"/>
    <property name="java.io.tmpdir" value="C:\Users\Lenovo\AppData\Local\Temp\"/>
    <property name="idea.version" value="2023.1"/>
    <property name="java.version" value="21"/>
    <property name="user.dir" value="D:\Desktop\Program\Java\tlias-web-management"/>
    <property name="os.arch" value="amd64"/>
    <property name="java.vm.specification.name" value="Java Virtual Machine Specification"/>
    <property name="PID" value="2288"/>
    <property name="sun.os.patch.level" value=""/>
    <property name="CONSOLE_LOG_CHARSET" value="UTF-8"/>
    <property name="native.encoding" value="GBK"/>
    <property name="java.library.path" value="D:\Java\jdk-21\bin;C:\WINDOWS\Sun\Java\bin;C:\WINDOWS\system32;C:\WINDOWS;C:\Program Files\Common Files\Oracle\Java\javapath;D:\VMware\VMware Workstation\bin\;C:\Windows\system32;C:\Windows;C:\Windows\System32\Wbem;C:\Windows\System32\WindowsPowerShell\v1.0\;C:\Windows\System32\OpenSSH\;C:\Program Files (x86)\NVIDIA Corporation\PhysX\Common;C:\Program Files (x86)\IVI Foundation\VISA\WinNT\Bin\;C:\Program Files\IVI Foundation\VISA\Win64\Bin\;C:\Program Files (x86)\IVI Foundation\VISA\WinNT\Bin;D:\Microsoft VS Code\bin;D:\MATLAB\runtime\win64;D:\MATLAB\bin;D:\MATLAB\polyspace\bin;C:\WINDOWS\system32;C:\WINDOWS;C:\WINDOWS\System32\Wbem;C:\WINDOWS\System32\WindowsPowerShell\v1.0\;C:\WINDOWS\System32\OpenSSH\;C:\WINDOWS\system32;C:\WINDOWS;C:\WINDOWS\System32\Wbem;C:\WINDOWS\System32\WindowsPowerShell\v1.0\;C:\WINDOWS\System32\OpenSSH\;C:\ProgramData\chocolatey\bin;D:\node\node_global;D:\node\node_cache;D:\node\;D:\nodejs\;C:\Program Files\dotnet\;C:\Users\Lenovo;C:\Users\Lenovo\.mujoco\mjpro150\bin;C:\Users\Lenovo\AppData\Roaming\Python\Python38\Scripts;D:\Git\cmd;D:\MySQL\MySQL Server\bin;C:\Program Files (x86)\Windows Kits\8.1\Windows Performance Toolkit\;D:\Maven\apache-maven-3.9.6\bin;D:\ANACONDA\Anaconda3;D:\ANACONDA\Anaconda3\Library\mingw-w64\bin;D:\ANACONDA\Anaconda3\Library\usr\bin;D:\ANACONDA\Anaconda3\Library\bin;D:\ANACONDA\Anaconda3\Scripts;C:\Users\Lenovo\AppData\Local\Microsoft\WindowsApps;D:\\win64;C:\mingw64\bin;D:\Android\SDK;D:\node\node_global;D:\node\node_cache;D:\node\;C:\Users\Lenovo\AppData\Roaming\npm;C:\Users\Lenovo\.dotnet\tools;C:\Users\Lenovo\.mujoco\mjpro150\bin;D:\PyCharm Community Edition 2022.2.4\bin;;C:\Users\Lenovo\AppData\Roaming\Python\Python38\Scripts;D:\Java\jdk-21\\bin;;D:\JetBrains\IntelliJ IDEA 2023.1\bin;;."/>
    <property name="java.vm.info" value="mixed mode, sharing"/>
    <property name="stderr.encoding" value="GBK"/>
    <property name="java.vendor" value="Oracle Corporation"/>
    <property name="java.vm.version" value="21+35-LTS-2513"/>
    <property name="sun.io.unicode.encoding" value="UnicodeLittle"/>
    <property name="java.class.version" value="65.0"/>
  </properties>
  <testcase name="contextLoads" classname="com.itheima.TliasWebManagementApplicationTests" time="1.239">
    <system-out><![CDATA[14:06:59.771 [main] INFO org.springframework.test.context.support.AnnotationConfigContextLoaderUtils -- Could not detect default configuration classes for test class [com.itheima.TliasWebManagementApplicationTests]: TliasWebManagementApplicationTests does not declare any static, non-private, non-final, nested classes annotated with @Configuration.
14:06:59.886 [main] INFO org.springframework.boot.test.context.SpringBootTestContextBootstrapper -- Found @SpringBootConfiguration com.itheima.TliasWebManagementApplication for test class com.itheima.TliasWebManagementApplicationTests

  .   ____          _            __ _ _
 /\\ / ___'_ __ _ _(_)_ __  __ _ \ \ \ \
( ( )\___ | '_ | '_| | '_ \/ _` | \ \ \ \
 \\/  ___)| |_)| | | | | || (_| |  ) ) ) )
  '  |____| .__|_| |_|_| |_\__, | / / / /
 =========|_|==============|___/=/_/_/_/
 :: Spring Boot ::                (v3.2.0)

2023-12-24T14:07:00.489+08:00  INFO 2288 --- [           main] c.i.TliasWebManagementApplicationTests   : Starting TliasWebManagementApplicationTests using Java 21 with PID 2288 (started by Lenovo in D:\Desktop\Program\Java\tlias-web-management)
2023-12-24T14:07:00.491+08:00  INFO 2288 --- [           main] c.i.TliasWebManagementApplicationTests   : No active profile set, falling back to 1 default profile: "default"
Logging initialized using 'class org.apache.ibatis.logging.stdout.StdOutImpl' adapter.


,------.                           ,--.  ,--.         ,--.                         
|  .--. '  ,--,--.  ,---.   ,---.  |  '--'  |  ,---.  |  |  ,---.   ,---.  ,--.--. 
|  '--' | ' ,-.  | | .-. | | .-. : |  .--.  | | .-. : |  | | .-. | | .-. : |  .--' 
|  | --'  \ '-'  | ' '-' ' \   --. |  |  |  | \   --. |  | | '-' ' \   --. |  |    
`--'       `--`--' .`-  /   `----' `--'  `--'  `----' `--' |  |-'   `----' `--'    
                   `---'                                   `--'                        is intercepting.

2023-12-24T14:07:02.790+08:00  INFO 2288 --- [           main] c.i.TliasWebManagementApplicationTests   : Started TliasWebManagementApplicationTests in 2.715 seconds (process running for 3.761)
]]></system-out>
    <system-err><![CDATA[WARNING: A Java agent has been loaded dynamically (D:\Maven\apache-maven-3.9.6\mvn_repo\net\bytebuddy\byte-buddy-agent\1.14.10\byte-buddy-agent-1.14.10.jar)
WARNING: If a serviceability tool is in use, please run with -XX:+EnableDynamicAgentLoading to hide this warning
WARNING: If a serviceability tool is not in use, please run with -Djdk.instrument.traceUsage for more information
WARNING: Dynamic loading of agents will be disallowed by default in a future release
]]></system-err>
  </testcase>
</testsuite>